<?xml version="1.0" encoding="UTF-8"?>
<!-- Generated by org.testng.reporters.JUnitReportReporter -->
<testsuite hostname="LAPTOP-2MBKLVQD" name="mmt.modules.test.TC01_SelectHotelPositiveScenario" tests="1" failures="0" timestamp="5 Aug 2021 12:19:21 GMT" time="22.072" errors="0">
  <testcase name="selectHotel" time="22.072" classname="mmt.modules.test.TC01_SelectHotelPositiveScenario"/>
</testsuite> <!-- mmt.modules.test.TC01_SelectHotelPositiveScenario -->
